[debug] [2024-08-08T18:51:14.983Z] ----------------------------------------------------------------------
[debug] [2024-08-08T18:51:14.987Z] Command:       C:\Program Files\nodejs\node.exe C:\Users\Colby Person\AppData\Roaming\npm\node_modules\firebase-tools\lib\bin\firebase.js deploy --only functions
[debug] [2024-08-08T18:51:14.987Z] CLI Version:   13.15.0
[debug] [2024-08-08T18:51:14.988Z] Platform:      win32
[debug] [2024-08-08T18:51:14.988Z] Node Version:  v20.16.0
[debug] [2024-08-08T18:51:14.988Z] Time:          Thu Aug 08 2024 13:51:14 GMT-0500 (Central Daylight Time)
[debug] [2024-08-08T18:51:14.988Z] ----------------------------------------------------------------------
[debug] 
[debug] [2024-08-08T18:51:14.993Z] >>> [apiv2][query] GET https://firebase-public.firebaseio.com/cli.json [none]
[debug] [2024-08-08T18:51:15.145Z] > command requires scopes: ["email","openid","https://www.googleapis.com/auth/cloudplatformprojects.readonly","https://www.googleapis.com/auth/firebase","https://www.googleapis.com/auth/cloud-platform"]
[debug] [2024-08-08T18:51:15.145Z] > authorizing via signed-in user (maveconstruction@gmail.com)
[debug] [2024-08-08T18:51:15.146Z] [iam] checking project meme-generator-15198 for permissions ["cloudfunctions.functions.create","cloudfunctions.functions.delete","cloudfunctions.functions.get","cloudfunctions.functions.list","cloudfunctions.functions.update","cloudfunctions.operations.get","firebase.projects.get"]
[debug] [2024-08-08T18:51:15.147Z] > refreshing access token with scopes: []
[debug] [2024-08-08T18:51:15.149Z] >>> [apiv2][query] POST https://www.googleapis.com/oauth2/v3/token [none]
[debug] [2024-08-08T18:51:15.149Z] >>> [apiv2][body] POST https://www.googleapis.com/oauth2/v3/token [omitted]
[debug] [2024-08-08T18:51:15.246Z] <<< [apiv2][status] GET https://firebase-public.firebaseio.com/cli.json 200
[debug] [2024-08-08T18:51:15.246Z] <<< [apiv2][body] GET https://firebase-public.firebaseio.com/cli.json {"cloudBuildErrorAfter":1594252800000,"cloudBuildWarnAfter":1590019200000,"defaultNode10After":1594252800000,"minVersion":"3.0.5","node8DeploysDisabledAfter":1613390400000,"node8RuntimeDisabledAfter":1615809600000,"node8WarnAfter":1600128000000}
[debug] [2024-08-08T18:51:15.269Z] <<< [apiv2][status] POST https://www.googleapis.com/oauth2/v3/token 200
[debug] [2024-08-08T18:51:15.269Z] <<< [apiv2][body] POST https://www.googleapis.com/oauth2/v3/token [omitted]
[debug] [2024-08-08T18:51:15.279Z] >>> [apiv2][query] POST https://cloudresourcemanager.googleapis.com/v1/projects/meme-generator-15198:testIamPermissions [none]
[debug] [2024-08-08T18:51:15.279Z] >>> [apiv2][(partial)header] POST https://cloudresourcemanager.googleapis.com/v1/projects/meme-generator-15198:testIamPermissions x-goog-quota-user=projects/meme-generator-15198
[debug] [2024-08-08T18:51:15.279Z] >>> [apiv2][body] POST https://cloudresourcemanager.googleapis.com/v1/projects/meme-generator-15198:testIamPermissions {"permissions":["cloudfunctions.functions.create","cloudfunctions.functions.delete","cloudfunctions.functions.get","cloudfunctions.functions.list","cloudfunctions.functions.update","cloudfunctions.operations.get","firebase.projects.get"]}
[debug] [2024-08-08T18:51:15.444Z] <<< [apiv2][status] POST https://cloudresourcemanager.googleapis.com/v1/projects/meme-generator-15198:testIamPermissions 200
[debug] [2024-08-08T18:51:15.444Z] <<< [apiv2][body] POST https://cloudresourcemanager.googleapis.com/v1/projects/meme-generator-15198:testIamPermissions {"permissions":["cloudfunctions.functions.create","cloudfunctions.functions.delete","cloudfunctions.functions.get","cloudfunctions.functions.list","cloudfunctions.functions.update","cloudfunctions.operations.get","firebase.projects.get"]}
[debug] [2024-08-08T18:51:15.444Z] >>> [apiv2][query] POST https://iam.googleapis.com/v1/projects/meme-generator-15198/serviceAccounts/meme-generator-15198@appspot.gserviceaccount.com:testIamPermissions [none]
[debug] [2024-08-08T18:51:15.444Z] >>> [apiv2][body] POST https://iam.googleapis.com/v1/projects/meme-generator-15198/serviceAccounts/meme-generator-15198@appspot.gserviceaccount.com:testIamPermissions {"permissions":["iam.serviceAccounts.actAs"]}
[debug] [2024-08-08T18:51:15.612Z] <<< [apiv2][status] POST https://iam.googleapis.com/v1/projects/meme-generator-15198/serviceAccounts/meme-generator-15198@appspot.gserviceaccount.com:testIamPermissions 200
[debug] [2024-08-08T18:51:15.613Z] <<< [apiv2][body] POST https://iam.googleapis.com/v1/projects/meme-generator-15198/serviceAccounts/meme-generator-15198@appspot.gserviceaccount.com:testIamPermissions {"permissions":["iam.serviceAccounts.actAs"]}
[info] 
[info] === Deploying to 'meme-generator-15198'...
[info] 
[info] i  deploying functions 
[info] Running command: npm --prefix "$RESOURCE_DIR" run lint
[info] +  functions: Finished running predeploy script. 
[debug] [2024-08-08T18:51:25.942Z] >>> [apiv2][query] GET https://firebase.googleapis.com/v1beta1/projects/meme-generator-15198 [none]
[debug] [2024-08-08T18:51:26.147Z] <<< [apiv2][status] GET https://firebase.googleapis.com/v1beta1/projects/meme-generator-15198 200
[debug] [2024-08-08T18:51:26.147Z] <<< [apiv2][body] GET https://firebase.googleapis.com/v1beta1/projects/meme-generator-15198 {"projectId":"meme-generator-15198","projectNumber":"658029558870","displayName":"Meme Generator","name":"projects/meme-generator-15198","resources":{"hostingSite":"meme-generator-15198"},"state":"ACTIVE","etag":"1_37303ff0-5575-4b31-9f27-cca895d31094"}
[info] i  functions: preparing codebase default for deployment 
[info] i  functions: ensuring required API cloudfunctions.googleapis.com is enabled... 
[info] i  functions: ensuring required API cloudbuild.googleapis.com is enabled... 
[info] i  artifactregistry: ensuring required API artifactregistry.googleapis.com is enabled... 
[debug] [2024-08-08T18:51:26.150Z] >>> [apiv2][query] GET https://serviceusage.googleapis.com/v1/projects/meme-generator-15198/services/cloudfunctions.googleapis.com [none]
[debug] [2024-08-08T18:51:26.151Z] >>> [apiv2][(partial)header] GET https://serviceusage.googleapis.com/v1/projects/meme-generator-15198/services/cloudfunctions.googleapis.com x-goog-quota-user=projects/meme-generator-15198
[debug] [2024-08-08T18:51:26.152Z] >>> [apiv2][query] GET https://serviceusage.googleapis.com/v1/projects/meme-generator-15198/services/runtimeconfig.googleapis.com [none]
[debug] [2024-08-08T18:51:26.152Z] >>> [apiv2][(partial)header] GET https://serviceusage.googleapis.com/v1/projects/meme-generator-15198/services/runtimeconfig.googleapis.com x-goog-quota-user=projects/meme-generator-15198
[debug] [2024-08-08T18:51:26.154Z] >>> [apiv2][query] GET https://serviceusage.googleapis.com/v1/projects/meme-generator-15198/services/cloudbuild.googleapis.com [none]
[debug] [2024-08-08T18:51:26.154Z] >>> [apiv2][(partial)header] GET https://serviceusage.googleapis.com/v1/projects/meme-generator-15198/services/cloudbuild.googleapis.com x-goog-quota-user=projects/meme-generator-15198
[debug] [2024-08-08T18:51:26.155Z] >>> [apiv2][query] GET https://serviceusage.googleapis.com/v1/projects/meme-generator-15198/services/artifactregistry.googleapis.com [none]
[debug] [2024-08-08T18:51:26.155Z] >>> [apiv2][(partial)header] GET https://serviceusage.googleapis.com/v1/projects/meme-generator-15198/services/artifactregistry.googleapis.com x-goog-quota-user=projects/meme-generator-15198
[debug] [2024-08-08T18:51:26.403Z] <<< [apiv2][status] GET https://serviceusage.googleapis.com/v1/projects/meme-generator-15198/services/cloudbuild.googleapis.com 200
[debug] [2024-08-08T18:51:26.403Z] <<< [apiv2][body] GET https://serviceusage.googleapis.com/v1/projects/meme-generator-15198/services/cloudbuild.googleapis.com [omitted]
[info] +  functions: required API cloudbuild.googleapis.com is enabled 
[debug] [2024-08-08T18:51:26.412Z] <<< [apiv2][status] GET https://serviceusage.googleapis.com/v1/projects/meme-generator-15198/services/runtimeconfig.googleapis.com 200
[debug] [2024-08-08T18:51:26.412Z] <<< [apiv2][body] GET https://serviceusage.googleapis.com/v1/projects/meme-generator-15198/services/runtimeconfig.googleapis.com [omitted]
[debug] [2024-08-08T18:51:26.424Z] <<< [apiv2][status] GET https://serviceusage.googleapis.com/v1/projects/meme-generator-15198/services/cloudfunctions.googleapis.com 200
[debug] [2024-08-08T18:51:26.424Z] <<< [apiv2][body] GET https://serviceusage.googleapis.com/v1/projects/meme-generator-15198/services/cloudfunctions.googleapis.com [omitted]
[info] +  functions: required API cloudfunctions.googleapis.com is enabled 
[debug] [2024-08-08T18:51:26.455Z] <<< [apiv2][status] GET https://serviceusage.googleapis.com/v1/projects/meme-generator-15198/services/artifactregistry.googleapis.com 200
[debug] [2024-08-08T18:51:26.455Z] <<< [apiv2][body] GET https://serviceusage.googleapis.com/v1/projects/meme-generator-15198/services/artifactregistry.googleapis.com [omitted]
[info] +  artifactregistry: required API artifactregistry.googleapis.com is enabled 
[debug] [2024-08-08T18:51:26.455Z] >>> [apiv2][query] GET https://firebase.googleapis.com/v1beta1/projects/meme-generator-15198/adminSdkConfig [none]
[debug] [2024-08-08T18:51:26.617Z] <<< [apiv2][status] GET https://firebase.googleapis.com/v1beta1/projects/meme-generator-15198/adminSdkConfig 200
[debug] [2024-08-08T18:51:26.617Z] <<< [apiv2][body] GET https://firebase.googleapis.com/v1beta1/projects/meme-generator-15198/adminSdkConfig {"projectId":"meme-generator-15198","storageBucket":"meme-generator-15198.appspot.com"}
[debug] [2024-08-08T18:51:26.617Z] >>> [apiv2][query] GET https://runtimeconfig.googleapis.com/v1beta1/projects/meme-generator-15198/configs [none]
[debug] [2024-08-08T18:51:26.799Z] <<< [apiv2][status] GET https://runtimeconfig.googleapis.com/v1beta1/projects/meme-generator-15198/configs 200
[debug] [2024-08-08T18:51:26.799Z] <<< [apiv2][body] GET https://runtimeconfig.googleapis.com/v1beta1/projects/meme-generator-15198/configs {}
[debug] [2024-08-08T18:51:26.801Z] Validating nodejs source
[debug] [2024-08-08T18:51:28.196Z] > [functions] package.json contents: {
  "name": "functions",
  "description": "Cloud Functions for Firebase",
  "scripts": {
    "lint": "eslint .",
    "serve": "firebase emulators:start --only functions",
    "shell": "firebase functions:shell",
    "start": "npm run shell",
    "deploy": "firebase deploy --only functions",
    "logs": "firebase functions:log"
  },
  "engines": {
    "node": "18"
  },
  "main": "index.js",
  "dependencies": {
    "canvas": "^2.11.2",
    "express": "^4.19.2",
    "firebase-admin": "^12.1.0",
    "firebase-functions": "^5.0.0",
    "functions": "file:",
    "node-fetch": "^3.3.2"
  },
  "devDependencies": {
    "eslint": "^8.15.0",
    "eslint-config-google": "^0.14.0",
    "firebase-functions-test": "^3.1.0"
  },
  "private": true
}
[debug] [2024-08-08T18:51:28.196Z] Building nodejs source
[info] i  functions: Loading and analyzing source code for codebase default to determine what to deploy 
[debug] [2024-08-08T18:51:28.198Z] Could not find functions.yaml. Must use http discovery
[debug] [2024-08-08T18:51:28.220Z] Found firebase-functions binary at 'C:\Users\Colby Person\Downloads\Ecommerce\MemeGenerator\meme-generator\functions\node_modules\.bin\firebase-functions'
[info] Serving at port 8099

[debug] [2024-08-08T18:51:29.787Z] Got response from /__/functions.yaml {"endpoints":{"memeGenerator":{"platform":"gcfv1","availableMemoryMb":null,"timeoutSeconds":null,"minInstances":null,"maxInstances":null,"ingressSettings":null,"serviceAccountEmail":null,"vpc":null,"httpsTrigger":{},"entryPoint":"memeGenerator"}},"specVersion":"v1alpha1","requiredAPIs":[]}
[info] i  functions: preparing functions directory for uploading... 
[info] i  functions: packaged C:\Users\Colby Person\Downloads\Ecommerce\MemeGenerator\meme-generator\functions (1.04 MB) for uploading 
[debug] [2024-08-08T18:51:34.939Z] >>> [apiv2][query] GET https://cloudfunctions.googleapis.com/v1/projects/meme-generator-15198/locations/-/functions [none]
[debug] [2024-08-08T18:51:35.443Z] <<< [apiv2][status] GET https://cloudfunctions.googleapis.com/v1/projects/meme-generator-15198/locations/-/functions 200
[debug] [2024-08-08T18:51:35.443Z] <<< [apiv2][body] GET https://cloudfunctions.googleapis.com/v1/projects/meme-generator-15198/locations/-/functions {"functions":[{"name":"projects/meme-generator-15198/locations/us-central1/functions/memeGenerator","httpsTrigger":{"url":"https://us-central1-meme-generator-15198.cloudfunctions.net/memeGenerator","securityLevel":"SECURE_ALWAYS"},"status":"ACTIVE","entryPoint":"memeGenerator","timeout":"60s","availableMemoryMb":256,"serviceAccountEmail":"meme-generator-15198@appspot.gserviceaccount.com","updateTime":"2024-08-08T05:27:00.261Z","versionId":"4","labels":{"deployment-tool":"cli-firebase","firebase-functions-hash":"ad07d6e060827e218916a65cbc06de721611c58f"},"sourceUploadUrl":"https://storage.googleapis.com/uploads-96227951720.us-central1.cloudfunctions.appspot.com/1738aa37-e8e3-482b-8278-6b20e9ea6683.zip","environmentVariables":{"FIREBASE_CONFIG":"{\"projectId\":\"meme-generator-15198\",\"storageBucket\":\"meme-generator-15198.appspot.com\"}","GCLOUD_PROJECT":"meme-generator-15198","EVENTARC_CLOUD_EVENT_SOURCE":"projects/meme-generator-15198/locations/us-central1/functions/memeGenerator"},"runtime":"nodejs18","ingressSettings":"ALLOW_ALL","buildId":"4068084b-9212-41cf-88bb-6d846c9a58e6","buildEnvironmentVariables":{"GOOGLE_NODE_RUN_SCRIPTS":""},"buildName":"projects/658029558870/locations/us-central1/builds/4068084b-9212-41cf-88bb-6d846c9a58e6","dockerRegistry":"ARTIFACT_REGISTRY","automaticUpdatePolicy":{},"buildServiceAccount":"658029558870-compute@developer.gserviceaccount.com"}]}
[debug] [2024-08-08T18:51:35.444Z] >>> [apiv2][query] GET https://cloudfunctions.googleapis.com/v2/projects/meme-generator-15198/locations/-/functions filter=environment%3D%22GEN_2%22
[debug] [2024-08-08T18:51:35.869Z] <<< [apiv2][status] GET https://cloudfunctions.googleapis.com/v2/projects/meme-generator-15198/locations/-/functions 200
[debug] [2024-08-08T18:51:35.869Z] <<< [apiv2][body] GET https://cloudfunctions.googleapis.com/v2/projects/meme-generator-15198/locations/-/functions {}
[debug] [2024-08-08T18:51:35.872Z] >>> [apiv2][query] GET https://firebase.googleapis.com/v1beta1/projects/meme-generator-15198 [none]
[debug] [2024-08-08T18:51:36.070Z] <<< [apiv2][status] GET https://firebase.googleapis.com/v1beta1/projects/meme-generator-15198 200
[debug] [2024-08-08T18:51:36.070Z] <<< [apiv2][body] GET https://firebase.googleapis.com/v1beta1/projects/meme-generator-15198 {"projectId":"meme-generator-15198","projectNumber":"658029558870","displayName":"Meme Generator","name":"projects/meme-generator-15198","resources":{"hostingSite":"meme-generator-15198"},"state":"ACTIVE","etag":"1_37303ff0-5575-4b31-9f27-cca895d31094"}
[debug] [2024-08-08T18:51:36.072Z] >>> [apiv2][query] POST https://cloudfunctions.googleapis.com/v1/projects/meme-generator-15198/locations/us-central1/functions:generateUploadUrl [none]
[debug] [2024-08-08T18:51:36.072Z] >>> [apiv2][body] POST https://cloudfunctions.googleapis.com/v1/projects/meme-generator-15198/locations/us-central1/functions:generateUploadUrl {}
[debug] [2024-08-08T18:51:36.590Z] <<< [apiv2][status] POST https://cloudfunctions.googleapis.com/v1/projects/meme-generator-15198/locations/us-central1/functions:generateUploadUrl 200
[debug] [2024-08-08T18:51:36.590Z] <<< [apiv2][body] POST https://cloudfunctions.googleapis.com/v1/projects/meme-generator-15198/locations/us-central1/functions:generateUploadUrl {"uploadUrl":"https://storage.googleapis.com/uploads-96227951720.us-central1.cloudfunctions.appspot.com/0552a50e-c953-4a99-b0ef-d5dc868caf8d.zip?GoogleAccessId=service-658029558870@gcf-admin-robot.iam.gserviceaccount.com&Expires=1723144897&Signature=EwEXH9J42hMgrW%2BVgXI%2Fn8nCeq6NAfKGSmA0km1rwN%2BEQxxxkgIuH2VxuGB%2Ftc9qOx7V9xEGTaV9uQWcxa4xCWHAbDHDo666XnN6wBQlxSj%2Bo%2B8tVwCuG5779sFo9bsqObjjPOCpuXucUxFRYEIpHvDUKyqpYvx5Amu9Lbopt5kdy1AfViMNbtGa5hTHj1nD1QPWU6n2%2BkPMzi8v9wt%2BbnkVdRPSTKVsZ2G1saPAdG33hKhf1%2FSbtV1AHJobsrcoLfIIhTLNM26vDTMoiOMjw5Moc8XEHi4OzwBfg%2FQzuAsYEPXAf7cdjatQ%2FlKndo12R6xsueKkA5SudOXyrvkHrg%3D%3D"}
[debug] [2024-08-08T18:51:36.591Z] >>> [apiv2][query] PUT https://storage.googleapis.com/uploads-96227951720.us-central1.cloudfunctions.appspot.com/0552a50e-c953-4a99-b0ef-d5dc868caf8d.zip GoogleAccessId=service-658029558870%40gcf-admin-robot.iam.gserviceaccount.com&Expires=1723144897&Signature=EwEXH9J42hMgrW%2BVgXI%2Fn8nCeq6NAfKGSmA0km1rwN%2BEQxxxkgIuH2VxuGB%2Ftc9qOx7V9xEGTaV9uQWcxa4xCWHAbDHDo666XnN6wBQlxSj%2Bo%2B8tVwCuG5779sFo9bsqObjjPOCpuXucUxFRYEIpHvDUKyqpYvx5Amu9Lbopt5kdy1AfViMNbtGa5hTHj1nD1QPWU6n2%2BkPMzi8v9wt%2BbnkVdRPSTKVsZ2G1saPAdG33hKhf1%2FSbtV1AHJobsrcoLfIIhTLNM26vDTMoiOMjw5Moc8XEHi4OzwBfg%2FQzuAsYEPXAf7cdjatQ%2FlKndo12R6xsueKkA5SudOXyrvkHrg%3D%3D
[debug] [2024-08-08T18:51:36.592Z] >>> [apiv2][body] PUT https://storage.googleapis.com/uploads-96227951720.us-central1.cloudfunctions.appspot.com/0552a50e-c953-4a99-b0ef-d5dc868caf8d.zip [stream]
[debug] [2024-08-08T18:51:36.945Z] <<< [apiv2][status] PUT https://storage.googleapis.com/uploads-96227951720.us-central1.cloudfunctions.appspot.com/0552a50e-c953-4a99-b0ef-d5dc868caf8d.zip 200
[debug] [2024-08-08T18:51:36.945Z] <<< [apiv2][body] PUT https://storage.googleapis.com/uploads-96227951720.us-central1.cloudfunctions.appspot.com/0552a50e-c953-4a99-b0ef-d5dc868caf8d.zip [omitted]
[info] +  functions: functions folder uploaded successfully 
[info] i  functions: updating Node.js 18 (1st Gen) function memeGenerator(us-central1)... 
[debug] [2024-08-08T18:51:36.950Z] >>> [apiv2][query] PATCH https://cloudfunctions.googleapis.com/v1/projects/meme-generator-15198/locations/us-central1/functions/memeGenerator updateMask=name%2CsourceUploadUrl%2CentryPoint%2Cruntime%2CdockerRegistry%2Clabels%2ChttpsTrigger.securityLevel%2CminInstances%2CmaxInstances%2CingressSettings%2CenvironmentVariables%2CserviceAccountEmail%2CavailableMemoryMb%2Ctimeout%2CvpcConnector%2CvpcConnectorEgressSettings%2CsourceToken%2CbuildEnvironmentVariables
[debug] [2024-08-08T18:51:36.950Z] >>> [apiv2][body] PATCH https://cloudfunctions.googleapis.com/v1/projects/meme-generator-15198/locations/us-central1/functions/memeGenerator {"name":"projects/meme-generator-15198/locations/us-central1/functions/memeGenerator","sourceUploadUrl":"https://storage.googleapis.com/uploads-96227951720.us-central1.cloudfunctions.appspot.com/0552a50e-c953-4a99-b0ef-d5dc868caf8d.zip?GoogleAccessId=service-658029558870@gcf-admin-robot.iam.gserviceaccount.com&Expires=1723144897&Signature=EwEXH9J42hMgrW%2BVgXI%2Fn8nCeq6NAfKGSmA0km1rwN%2BEQxxxkgIuH2VxuGB%2Ftc9qOx7V9xEGTaV9uQWcxa4xCWHAbDHDo666XnN6wBQlxSj%2Bo%2B8tVwCuG5779sFo9bsqObjjPOCpuXucUxFRYEIpHvDUKyqpYvx5Amu9Lbopt5kdy1AfViMNbtGa5hTHj1nD1QPWU6n2%2BkPMzi8v9wt%2BbnkVdRPSTKVsZ2G1saPAdG33hKhf1%2FSbtV1AHJobsrcoLfIIhTLNM26vDTMoiOMjw5Moc8XEHi4OzwBfg%2FQzuAsYEPXAf7cdjatQ%2FlKndo12R6xsueKkA5SudOXyrvkHrg%3D%3D","entryPoint":"memeGenerator","runtime":"nodejs18","dockerRegistry":"ARTIFACT_REGISTRY","labels":{"deployment-tool":"cli-firebase","firebase-functions-hash":"945cb4b143ef4c20269cfe646ee6d0bd8ba80dc2"},"httpsTrigger":{"securityLevel":"SECURE_ALWAYS"},"minInstances":null,"maxInstances":null,"ingressSettings":null,"environmentVariables":{"FIREBASE_CONFIG":"{\"projectId\":\"meme-generator-15198\",\"storageBucket\":\"meme-generator-15198.appspot.com\"}","GCLOUD_PROJECT":"meme-generator-15198","EVENTARC_CLOUD_EVENT_SOURCE":"projects/meme-generator-15198/locations/us-central1/functions/memeGenerator"},"serviceAccountEmail":null,"availableMemoryMb":null,"timeout":null,"vpcConnector":null,"vpcConnectorEgressSettings":null,"buildEnvironmentVariables":{"GOOGLE_NODE_RUN_SCRIPTS":""}}
[debug] [2024-08-08T18:51:37.412Z] <<< [apiv2][status] PATCH https://cloudfunctions.googleapis.com/v1/projects/meme-generator-15198/locations/us-central1/functions/memeGenerator 200
[debug] [2024-08-08T18:51:37.412Z] <<< [apiv2][body] PATCH https://cloudfunctions.googleapis.com/v1/projects/meme-generator-15198/locations/us-central1/functions/memeGenerator {"name":"operations/bWVtZS1nZW5lcmF0b3ItMTUxOTgvdXMtY2VudHJhbDEvbWVtZUdlbmVyYXRvci9saVpCQXUtbUxCbw","metadata":{"@type":"type.googleapis.com/google.cloud.functions.v1.OperationMetadataV1","target":"projects/meme-generator-15198/locations/us-central1/functions/memeGenerator","type":"UPDATE_FUNCTION","request":{"@type":"type.googleapis.com/google.cloud.functions.v1.CloudFunction","name":"projects/meme-generator-15198/locations/us-central1/functions/memeGenerator","httpsTrigger":{"url":"https://us-central1-meme-generator-15198.cloudfunctions.net/memeGenerator","securityLevel":"SECURE_ALWAYS"},"status":"ACTIVE","entryPoint":"memeGenerator","updateTime":"2024-08-08T05:27:00.261Z","versionId":"4","labels":{"deployment-tool":"cli-firebase","firebase-functions-hash":"945cb4b143ef4c20269cfe646ee6d0bd8ba80dc2"},"sourceUploadUrl":"https://storage.googleapis.com/uploads-96227951720.us-central1.cloudfunctions.appspot.com/0552a50e-c953-4a99-b0ef-d5dc868caf8d.zip?GoogleAccessId=service-658029558870@gcf-admin-robot.iam.gserviceaccount.com&Expires=1723144897&Signature=EwEXH9J42hMgrW%2BVgXI%2Fn8nCeq6NAfKGSmA0km1rwN%2BEQxxxkgIuH2VxuGB%2Ftc9qOx7V9xEGTaV9uQWcxa4xCWHAbDHDo666XnN6wBQlxSj%2Bo%2B8tVwCuG5779sFo9bsqObjjPOCpuXucUxFRYEIpHvDUKyqpYvx5Amu9Lbopt5kdy1AfViMNbtGa5hTHj1nD1QPWU6n2%2BkPMzi8v9wt%2BbnkVdRPSTKVsZ2G1saPAdG33hKhf1%2FSbtV1AHJobsrcoLfIIhTLNM26vDTMoiOMjw5Moc8XEHi4OzwBfg%2FQzuAsYEPXAf7cdjatQ%2FlKndo12R6xsueKkA5SudOXyrvkHrg%3D%3D","environmentVariables":{"FIREBASE_CONFIG":"{\"projectId\":\"meme-generator-15198\",\"storageBucket\":\"meme-generator-15198.appspot.com\"}","GCLOUD_PROJECT":"meme-generator-15198","EVENTARC_CLOUD_EVENT_SOURCE":"projects/meme-generator-15198/locations/us-central1/functions/memeGenerator"},"runtime":"nodejs18","buildId":"4068084b-9212-41cf-88bb-6d846c9a58e6","buildEnvironmentVariables":{"GOOGLE_NODE_RUN_SCRIPTS":""},"buildName":"projects/658029558870/locations/us-central1/builds/4068084b-9212-41cf-88bb-6d846c9a58e6","dockerRegistry":"ARTIFACT_REGISTRY","automaticUpdatePolicy":{},"buildServiceAccount":"658029558870-compute@developer.gserviceaccount.com"},"versionId":"5","updateTime":"2024-08-08T18:51:37Z"}}
[debug] [2024-08-08T18:51:37.413Z] >>> [apiv2][query] GET https://cloudfunctions.googleapis.com/v1/operations/bWVtZS1nZW5lcmF0b3ItMTUxOTgvdXMtY2VudHJhbDEvbWVtZUdlbmVyYXRvci9saVpCQXUtbUxCbw [none]
[debug] [2024-08-08T18:51:37.548Z] <<< [apiv2][status] GET https://cloudfunctions.googleapis.com/v1/operations/bWVtZS1nZW5lcmF0b3ItMTUxOTgvdXMtY2VudHJhbDEvbWVtZUdlbmVyYXRvci9saVpCQXUtbUxCbw 200
[debug] [2024-08-08T18:51:37.548Z] <<< [apiv2][body] GET https://cloudfunctions.googleapis.com/v1/operations/bWVtZS1nZW5lcmF0b3ItMTUxOTgvdXMtY2VudHJhbDEvbWVtZUdlbmVyYXRvci9saVpCQXUtbUxCbw {"name":"operations/bWVtZS1nZW5lcmF0b3ItMTUxOTgvdXMtY2VudHJhbDEvbWVtZUdlbmVyYXRvci9saVpCQXUtbUxCbw","metadata":{"@type":"type.googleapis.com/google.cloud.functions.v1.OperationMetadataV1","target":"projects/meme-generator-15198/locations/us-central1/functions/memeGenerator","type":"UPDATE_FUNCTION","request":{"@type":"type.googleapis.com/google.cloud.functions.v1.CloudFunction","name":"projects/meme-generator-15198/locations/us-central1/functions/memeGenerator","httpsTrigger":{"url":"https://us-central1-meme-generator-15198.cloudfunctions.net/memeGenerator","securityLevel":"SECURE_ALWAYS"},"status":"ACTIVE","entryPoint":"memeGenerator","updateTime":"2024-08-08T05:27:00.261Z","versionId":"4","labels":{"deployment-tool":"cli-firebase","firebase-functions-hash":"945cb4b143ef4c20269cfe646ee6d0bd8ba80dc2"},"sourceUploadUrl":"https://storage.googleapis.com/uploads-96227951720.us-central1.cloudfunctions.appspot.com/0552a50e-c953-4a99-b0ef-d5dc868caf8d.zip?GoogleAccessId=service-658029558870@gcf-admin-robot.iam.gserviceaccount.com&Expires=1723144897&Signature=EwEXH9J42hMgrW%2BVgXI%2Fn8nCeq6NAfKGSmA0km1rwN%2BEQxxxkgIuH2VxuGB%2Ftc9qOx7V9xEGTaV9uQWcxa4xCWHAbDHDo666XnN6wBQlxSj%2Bo%2B8tVwCuG5779sFo9bsqObjjPOCpuXucUxFRYEIpHvDUKyqpYvx5Amu9Lbopt5kdy1AfViMNbtGa5hTHj1nD1QPWU6n2%2BkPMzi8v9wt%2BbnkVdRPSTKVsZ2G1saPAdG33hKhf1%2FSbtV1AHJobsrcoLfIIhTLNM26vDTMoiOMjw5Moc8XEHi4OzwBfg%2FQzuAsYEPXAf7cdjatQ%2FlKndo12R6xsueKkA5SudOXyrvkHrg%3D%3D","environmentVariables":{"FIREBASE_CONFIG":"{\"projectId\":\"meme-generator-15198\",\"storageBucket\":\"meme-generator-15198.appspot.com\"}","GCLOUD_PROJECT":"meme-generator-15198","EVENTARC_CLOUD_EVENT_SOURCE":"projects/meme-generator-15198/locations/us-central1/functions/memeGenerator"},"runtime":"nodejs18","buildId":"4068084b-9212-41cf-88bb-6d846c9a58e6","buildEnvironmentVariables":{"GOOGLE_NODE_RUN_SCRIPTS":""},"buildName":"projects/658029558870/locations/us-central1/builds/4068084b-9212-41cf-88bb-6d846c9a58e6","dockerRegistry":"ARTIFACT_REGISTRY","automaticUpdatePolicy":{},"buildServiceAccount":"658029558870-compute@developer.gserviceaccount.com"},"versionId":"5","updateTime":"2024-08-08T18:51:37Z"}}
[debug] [2024-08-08T18:51:38.053Z] [update-default-us-central1-memeGenerator] Retrying task index 0
[debug] [2024-08-08T18:51:38.053Z] >>> [apiv2][query] GET https://cloudfunctions.googleapis.com/v1/operations/bWVtZS1nZW5lcmF0b3ItMTUxOTgvdXMtY2VudHJhbDEvbWVtZUdlbmVyYXRvci9saVpCQXUtbUxCbw [none]
[debug] [2024-08-08T18:51:38.161Z] <<< [apiv2][status] GET https://cloudfunctions.googleapis.com/v1/operations/bWVtZS1nZW5lcmF0b3ItMTUxOTgvdXMtY2VudHJhbDEvbWVtZUdlbmVyYXRvci9saVpCQXUtbUxCbw 200
[debug] [2024-08-08T18:51:38.161Z] <<< [apiv2][body] GET https://cloudfunctions.googleapis.com/v1/operations/bWVtZS1nZW5lcmF0b3ItMTUxOTgvdXMtY2VudHJhbDEvbWVtZUdlbmVyYXRvci9saVpCQXUtbUxCbw {"name":"operations/bWVtZS1nZW5lcmF0b3ItMTUxOTgvdXMtY2VudHJhbDEvbWVtZUdlbmVyYXRvci9saVpCQXUtbUxCbw","metadata":{"@type":"type.googleapis.com/google.cloud.functions.v1.OperationMetadataV1","target":"projects/meme-generator-15198/locations/us-central1/functions/memeGenerator","type":"UPDATE_FUNCTION","request":{"@type":"type.googleapis.com/google.cloud.functions.v1.CloudFunction","name":"projects/meme-generator-15198/locations/us-central1/functions/memeGenerator","httpsTrigger":{"url":"https://us-central1-meme-generator-15198.cloudfunctions.net/memeGenerator","securityLevel":"SECURE_ALWAYS"},"status":"ACTIVE","entryPoint":"memeGenerator","updateTime":"2024-08-08T05:27:00.261Z","versionId":"4","labels":{"deployment-tool":"cli-firebase","firebase-functions-hash":"945cb4b143ef4c20269cfe646ee6d0bd8ba80dc2"},"sourceUploadUrl":"https://storage.googleapis.com/uploads-96227951720.us-central1.cloudfunctions.appspot.com/0552a50e-c953-4a99-b0ef-d5dc868caf8d.zip?GoogleAccessId=service-658029558870@gcf-admin-robot.iam.gserviceaccount.com&Expires=1723144897&Signature=EwEXH9J42hMgrW%2BVgXI%2Fn8nCeq6NAfKGSmA0km1rwN%2BEQxxxkgIuH2VxuGB%2Ftc9qOx7V9xEGTaV9uQWcxa4xCWHAbDHDo666XnN6wBQlxSj%2Bo%2B8tVwCuG5779sFo9bsqObjjPOCpuXucUxFRYEIpHvDUKyqpYvx5Amu9Lbopt5kdy1AfViMNbtGa5hTHj1nD1QPWU6n2%2BkPMzi8v9wt%2BbnkVdRPSTKVsZ2G1saPAdG33hKhf1%2FSbtV1AHJobsrcoLfIIhTLNM26vDTMoiOMjw5Moc8XEHi4OzwBfg%2FQzuAsYEPXAf7cdjatQ%2FlKndo12R6xsueKkA5SudOXyrvkHrg%3D%3D","environmentVariables":{"FIREBASE_CONFIG":"{\"projectId\":\"meme-generator-15198\",\"storageBucket\":\"meme-generator-15198.appspot.com\"}","GCLOUD_PROJECT":"meme-generator-15198","EVENTARC_CLOUD_EVENT_SOURCE":"projects/meme-generator-15198/locations/us-central1/functions/memeGenerator"},"runtime":"nodejs18","buildId":"4068084b-9212-41cf-88bb-6d846c9a58e6","buildEnvironmentVariables":{"GOOGLE_NODE_RUN_SCRIPTS":""},"buildName":"projects/658029558870/locations/us-central1/builds/4068084b-9212-41cf-88bb-6d846c9a58e6","dockerRegistry":"ARTIFACT_REGISTRY","automaticUpdatePolicy":{},"buildServiceAccount":"658029558870-compute@developer.gserviceaccount.com"},"versionId":"5","updateTime":"2024-08-08T18:51:38Z"}}
[debug] [2024-08-08T18:51:39.168Z] [update-default-us-central1-memeGenerator] Retrying task index 0
[debug] [2024-08-08T18:51:39.168Z] >>> [apiv2][query] GET https://cloudfunctions.googleapis.com/v1/operations/bWVtZS1nZW5lcmF0b3ItMTUxOTgvdXMtY2VudHJhbDEvbWVtZUdlbmVyYXRvci9saVpCQXUtbUxCbw [none]
[debug] [2024-08-08T18:51:39.320Z] <<< [apiv2][status] GET https://cloudfunctions.googleapis.com/v1/operations/bWVtZS1nZW5lcmF0b3ItMTUxOTgvdXMtY2VudHJhbDEvbWVtZUdlbmVyYXRvci9saVpCQXUtbUxCbw 200
[debug] [2024-08-08T18:51:39.321Z] <<< [apiv2][body] GET https://cloudfunctions.googleapis.com/v1/operations/bWVtZS1nZW5lcmF0b3ItMTUxOTgvdXMtY2VudHJhbDEvbWVtZUdlbmVyYXRvci9saVpCQXUtbUxCbw {"name":"operations/bWVtZS1nZW5lcmF0b3ItMTUxOTgvdXMtY2VudHJhbDEvbWVtZUdlbmVyYXRvci9saVpCQXUtbUxCbw","metadata":{"@type":"type.googleapis.com/google.cloud.functions.v1.OperationMetadataV1","target":"projects/meme-generator-15198/locations/us-central1/functions/memeGenerator","type":"UPDATE_FUNCTION","request":{"@type":"type.googleapis.com/google.cloud.functions.v1.CloudFunction","name":"projects/meme-generator-15198/locations/us-central1/functions/memeGenerator","httpsTrigger":{"url":"https://us-central1-meme-generator-15198.cloudfunctions.net/memeGenerator","securityLevel":"SECURE_ALWAYS"},"status":"ACTIVE","entryPoint":"memeGenerator","updateTime":"2024-08-08T05:27:00.261Z","versionId":"4","labels":{"deployment-tool":"cli-firebase","firebase-functions-hash":"945cb4b143ef4c20269cfe646ee6d0bd8ba80dc2"},"sourceUploadUrl":"https://storage.googleapis.com/uploads-96227951720.us-central1.cloudfunctions.appspot.com/0552a50e-c953-4a99-b0ef-d5dc868caf8d.zip?GoogleAccessId=service-658029558870@gcf-admin-robot.iam.gserviceaccount.com&Expires=1723144897&Signature=EwEXH9J42hMgrW%2BVgXI%2Fn8nCeq6NAfKGSmA0km1rwN%2BEQxxxkgIuH2VxuGB%2Ftc9qOx7V9xEGTaV9uQWcxa4xCWHAbDHDo666XnN6wBQlxSj%2Bo%2B8tVwCuG5779sFo9bsqObjjPOCpuXucUxFRYEIpHvDUKyqpYvx5Amu9Lbopt5kdy1AfViMNbtGa5hTHj1nD1QPWU6n2%2BkPMzi8v9wt%2BbnkVdRPSTKVsZ2G1saPAdG33hKhf1%2FSbtV1AHJobsrcoLfIIhTLNM26vDTMoiOMjw5Moc8XEHi4OzwBfg%2FQzuAsYEPXAf7cdjatQ%2FlKndo12R6xsueKkA5SudOXyrvkHrg%3D%3D","environmentVariables":{"FIREBASE_CONFIG":"{\"projectId\":\"meme-generator-15198\",\"storageBucket\":\"meme-generator-15198.appspot.com\"}","GCLOUD_PROJECT":"meme-generator-15198","EVENTARC_CLOUD_EVENT_SOURCE":"projects/meme-generator-15198/locations/us-central1/functions/memeGenerator"},"runtime":"nodejs18","buildId":"4068084b-9212-41cf-88bb-6d846c9a58e6","buildEnvironmentVariables":{"GOOGLE_NODE_RUN_SCRIPTS":""},"buildName":"projects/658029558870/locations/us-central1/builds/4068084b-9212-41cf-88bb-6d846c9a58e6","dockerRegistry":"ARTIFACT_REGISTRY","automaticUpdatePolicy":{},"buildServiceAccount":"658029558870-compute@developer.gserviceaccount.com"},"versionId":"5","updateTime":"2024-08-08T18:51:38Z","buildId":"bb76d5d2-b3d2-4552-91c2-679e1d4ef4ba","buildName":"projects/658029558870/locations/us-central1/builds/bb76d5d2-b3d2-4552-91c2-679e1d4ef4ba"}}
[debug] [2024-08-08T18:51:41.322Z] [update-default-us-central1-memeGenerator] Retrying task index 0
[debug] [2024-08-08T18:51:41.323Z] >>> [apiv2][query] GET https://cloudfunctions.googleapis.com/v1/operations/bWVtZS1nZW5lcmF0b3ItMTUxOTgvdXMtY2VudHJhbDEvbWVtZUdlbmVyYXRvci9saVpCQXUtbUxCbw [none]
[debug] [2024-08-08T18:51:41.384Z] <<< [apiv2][status] GET https://cloudfunctions.googleapis.com/v1/operations/bWVtZS1nZW5lcmF0b3ItMTUxOTgvdXMtY2VudHJhbDEvbWVtZUdlbmVyYXRvci9saVpCQXUtbUxCbw 200
[debug] [2024-08-08T18:51:41.384Z] <<< [apiv2][body] GET https://cloudfunctions.googleapis.com/v1/operations/bWVtZS1nZW5lcmF0b3ItMTUxOTgvdXMtY2VudHJhbDEvbWVtZUdlbmVyYXRvci9saVpCQXUtbUxCbw {"name":"operations/bWVtZS1nZW5lcmF0b3ItMTUxOTgvdXMtY2VudHJhbDEvbWVtZUdlbmVyYXRvci9saVpCQXUtbUxCbw","metadata":{"@type":"type.googleapis.com/google.cloud.functions.v1.OperationMetadataV1","target":"projects/meme-generator-15198/locations/us-central1/functions/memeGenerator","type":"UPDATE_FUNCTION","request":{"@type":"type.googleapis.com/google.cloud.functions.v1.CloudFunction","name":"projects/meme-generator-15198/locations/us-central1/functions/memeGenerator","httpsTrigger":{"url":"https://us-central1-meme-generator-15198.cloudfunctions.net/memeGenerator","securityLevel":"SECURE_ALWAYS"},"status":"ACTIVE","entryPoint":"memeGenerator","updateTime":"2024-08-08T05:27:00.261Z","versionId":"4","labels":{"deployment-tool":"cli-firebase","firebase-functions-hash":"945cb4b143ef4c20269cfe646ee6d0bd8ba80dc2"},"sourceUploadUrl":"https://storage.googleapis.com/uploads-96227951720.us-central1.cloudfunctions.appspot.com/0552a50e-c953-4a99-b0ef-d5dc868caf8d.zip?GoogleAccessId=service-658029558870@gcf-admin-robot.iam.gserviceaccount.com&Expires=1723144897&Signature=EwEXH9J42hMgrW%2BVgXI%2Fn8nCeq6NAfKGSmA0km1rwN%2BEQxxxkgIuH2VxuGB%2Ftc9qOx7V9xEGTaV9uQWcxa4xCWHAbDHDo666XnN6wBQlxSj%2Bo%2B8tVwCuG5779sFo9bsqObjjPOCpuXucUxFRYEIpHvDUKyqpYvx5Amu9Lbopt5kdy1AfViMNbtGa5hTHj1nD1QPWU6n2%2BkPMzi8v9wt%2BbnkVdRPSTKVsZ2G1saPAdG33hKhf1%2FSbtV1AHJobsrcoLfIIhTLNM26vDTMoiOMjw5Moc8XEHi4OzwBfg%2FQzuAsYEPXAf7cdjatQ%2FlKndo12R6xsueKkA5SudOXyrvkHrg%3D%3D","environmentVariables":{"FIREBASE_CONFIG":"{\"projectId\":\"meme-generator-15198\",\"storageBucket\":\"meme-generator-15198.appspot.com\"}","GCLOUD_PROJECT":"meme-generator-15198","EVENTARC_CLOUD_EVENT_SOURCE":"projects/meme-generator-15198/locations/us-central1/functions/memeGenerator"},"runtime":"nodejs18","buildId":"4068084b-9212-41cf-88bb-6d846c9a58e6","buildEnvironmentVariables":{"GOOGLE_NODE_RUN_SCRIPTS":""},"buildName":"projects/658029558870/locations/us-central1/builds/4068084b-9212-41cf-88bb-6d846c9a58e6","dockerRegistry":"ARTIFACT_REGISTRY","automaticUpdatePolicy":{},"buildServiceAccount":"658029558870-compute@developer.gserviceaccount.com"},"versionId":"5","updateTime":"2024-08-08T18:51:38Z","buildId":"bb76d5d2-b3d2-4552-91c2-679e1d4ef4ba","buildName":"projects/658029558870/locations/us-central1/builds/bb76d5d2-b3d2-4552-91c2-679e1d4ef4ba"}}
[debug] [2024-08-08T18:51:45.398Z] [update-default-us-central1-memeGenerator] Retrying task index 0
[debug] [2024-08-08T18:51:45.399Z] >>> [apiv2][query] GET https://cloudfunctions.googleapis.com/v1/operations/bWVtZS1nZW5lcmF0b3ItMTUxOTgvdXMtY2VudHJhbDEvbWVtZUdlbmVyYXRvci9saVpCQXUtbUxCbw [none]
[debug] [2024-08-08T18:51:45.520Z] <<< [apiv2][status] GET https://cloudfunctions.googleapis.com/v1/operations/bWVtZS1nZW5lcmF0b3ItMTUxOTgvdXMtY2VudHJhbDEvbWVtZUdlbmVyYXRvci9saVpCQXUtbUxCbw 200
[debug] [2024-08-08T18:51:45.520Z] <<< [apiv2][body] GET https://cloudfunctions.googleapis.com/v1/operations/bWVtZS1nZW5lcmF0b3ItMTUxOTgvdXMtY2VudHJhbDEvbWVtZUdlbmVyYXRvci9saVpCQXUtbUxCbw {"name":"operations/bWVtZS1nZW5lcmF0b3ItMTUxOTgvdXMtY2VudHJhbDEvbWVtZUdlbmVyYXRvci9saVpCQXUtbUxCbw","metadata":{"@type":"type.googleapis.com/google.cloud.functions.v1.OperationMetadataV1","target":"projects/meme-generator-15198/locations/us-central1/functions/memeGenerator","type":"UPDATE_FUNCTION","request":{"@type":"type.googleapis.com/google.cloud.functions.v1.CloudFunction","name":"projects/meme-generator-15198/locations/us-central1/functions/memeGenerator","httpsTrigger":{"url":"https://us-central1-meme-generator-15198.cloudfunctions.net/memeGenerator","securityLevel":"SECURE_ALWAYS"},"status":"ACTIVE","entryPoint":"memeGenerator","updateTime":"2024-08-08T05:27:00.261Z","versionId":"4","labels":{"deployment-tool":"cli-firebase","firebase-functions-hash":"945cb4b143ef4c20269cfe646ee6d0bd8ba80dc2"},"sourceUploadUrl":"https://storage.googleapis.com/uploads-96227951720.us-central1.cloudfunctions.appspot.com/0552a50e-c953-4a99-b0ef-d5dc868caf8d.zip?GoogleAccessId=service-658029558870@gcf-admin-robot.iam.gserviceaccount.com&Expires=1723144897&Signature=EwEXH9J42hMgrW%2BVgXI%2Fn8nCeq6NAfKGSmA0km1rwN%2BEQxxxkgIuH2VxuGB%2Ftc9qOx7V9xEGTaV9uQWcxa4xCWHAbDHDo666XnN6wBQlxSj%2Bo%2B8tVwCuG5779sFo9bsqObjjPOCpuXucUxFRYEIpHvDUKyqpYvx5Amu9Lbopt5kdy1AfViMNbtGa5hTHj1nD1QPWU6n2%2BkPMzi8v9wt%2BbnkVdRPSTKVsZ2G1saPAdG33hKhf1%2FSbtV1AHJobsrcoLfIIhTLNM26vDTMoiOMjw5Moc8XEHi4OzwBfg%2FQzuAsYEPXAf7cdjatQ%2FlKndo12R6xsueKkA5SudOXyrvkHrg%3D%3D","environmentVariables":{"FIREBASE_CONFIG":"{\"projectId\":\"meme-generator-15198\",\"storageBucket\":\"meme-generator-15198.appspot.com\"}","GCLOUD_PROJECT":"meme-generator-15198","EVENTARC_CLOUD_EVENT_SOURCE":"projects/meme-generator-15198/locations/us-central1/functions/memeGenerator"},"runtime":"nodejs18","buildId":"4068084b-9212-41cf-88bb-6d846c9a58e6","buildEnvironmentVariables":{"GOOGLE_NODE_RUN_SCRIPTS":""},"buildName":"projects/658029558870/locations/us-central1/builds/4068084b-9212-41cf-88bb-6d846c9a58e6","dockerRegistry":"ARTIFACT_REGISTRY","automaticUpdatePolicy":{},"buildServiceAccount":"658029558870-compute@developer.gserviceaccount.com"},"versionId":"5","updateTime":"2024-08-08T18:51:38Z","buildId":"bb76d5d2-b3d2-4552-91c2-679e1d4ef4ba","buildName":"projects/658029558870/locations/us-central1/builds/bb76d5d2-b3d2-4552-91c2-679e1d4ef4ba"}}
[debug] [2024-08-08T18:51:53.534Z] [update-default-us-central1-memeGenerator] Retrying task index 0
[debug] [2024-08-08T18:51:53.535Z] >>> [apiv2][query] GET https://cloudfunctions.googleapis.com/v1/operations/bWVtZS1nZW5lcmF0b3ItMTUxOTgvdXMtY2VudHJhbDEvbWVtZUdlbmVyYXRvci9saVpCQXUtbUxCbw [none]
[debug] [2024-08-08T18:51:53.672Z] <<< [apiv2][status] GET https://cloudfunctions.googleapis.com/v1/operations/bWVtZS1nZW5lcmF0b3ItMTUxOTgvdXMtY2VudHJhbDEvbWVtZUdlbmVyYXRvci9saVpCQXUtbUxCbw 200
[debug] [2024-08-08T18:51:53.673Z] <<< [apiv2][body] GET https://cloudfunctions.googleapis.com/v1/operations/bWVtZS1nZW5lcmF0b3ItMTUxOTgvdXMtY2VudHJhbDEvbWVtZUdlbmVyYXRvci9saVpCQXUtbUxCbw {"name":"operations/bWVtZS1nZW5lcmF0b3ItMTUxOTgvdXMtY2VudHJhbDEvbWVtZUdlbmVyYXRvci9saVpCQXUtbUxCbw","metadata":{"@type":"type.googleapis.com/google.cloud.functions.v1.OperationMetadataV1","target":"projects/meme-generator-15198/locations/us-central1/functions/memeGenerator","type":"UPDATE_FUNCTION","request":{"@type":"type.googleapis.com/google.cloud.functions.v1.CloudFunction","name":"projects/meme-generator-15198/locations/us-central1/functions/memeGenerator","httpsTrigger":{"url":"https://us-central1-meme-generator-15198.cloudfunctions.net/memeGenerator","securityLevel":"SECURE_ALWAYS"},"status":"ACTIVE","entryPoint":"memeGenerator","updateTime":"2024-08-08T05:27:00.261Z","versionId":"4","labels":{"deployment-tool":"cli-firebase","firebase-functions-hash":"945cb4b143ef4c20269cfe646ee6d0bd8ba80dc2"},"sourceUploadUrl":"https://storage.googleapis.com/uploads-96227951720.us-central1.cloudfunctions.appspot.com/0552a50e-c953-4a99-b0ef-d5dc868caf8d.zip?GoogleAccessId=service-658029558870@gcf-admin-robot.iam.gserviceaccount.com&Expires=1723144897&Signature=EwEXH9J42hMgrW%2BVgXI%2Fn8nCeq6NAfKGSmA0km1rwN%2BEQxxxkgIuH2VxuGB%2Ftc9qOx7V9xEGTaV9uQWcxa4xCWHAbDHDo666XnN6wBQlxSj%2Bo%2B8tVwCuG5779sFo9bsqObjjPOCpuXucUxFRYEIpHvDUKyqpYvx5Amu9Lbopt5kdy1AfViMNbtGa5hTHj1nD1QPWU6n2%2BkPMzi8v9wt%2BbnkVdRPSTKVsZ2G1saPAdG33hKhf1%2FSbtV1AHJobsrcoLfIIhTLNM26vDTMoiOMjw5Moc8XEHi4OzwBfg%2FQzuAsYEPXAf7cdjatQ%2FlKndo12R6xsueKkA5SudOXyrvkHrg%3D%3D","environmentVariables":{"FIREBASE_CONFIG":"{\"projectId\":\"meme-generator-15198\",\"storageBucket\":\"meme-generator-15198.appspot.com\"}","GCLOUD_PROJECT":"meme-generator-15198","EVENTARC_CLOUD_EVENT_SOURCE":"projects/meme-generator-15198/locations/us-central1/functions/memeGenerator"},"runtime":"nodejs18","buildId":"4068084b-9212-41cf-88bb-6d846c9a58e6","buildEnvironmentVariables":{"GOOGLE_NODE_RUN_SCRIPTS":""},"buildName":"projects/658029558870/locations/us-central1/builds/4068084b-9212-41cf-88bb-6d846c9a58e6","dockerRegistry":"ARTIFACT_REGISTRY","automaticUpdatePolicy":{},"buildServiceAccount":"658029558870-compute@developer.gserviceaccount.com"},"versionId":"5","updateTime":"2024-08-08T18:51:38Z","buildId":"bb76d5d2-b3d2-4552-91c2-679e1d4ef4ba","buildName":"projects/658029558870/locations/us-central1/builds/bb76d5d2-b3d2-4552-91c2-679e1d4ef4ba"}}
[debug] [2024-08-08T18:52:03.673Z] [update-default-us-central1-memeGenerator] Retrying task index 0
[debug] [2024-08-08T18:52:03.674Z] >>> [apiv2][query] GET https://cloudfunctions.googleapis.com/v1/operations/bWVtZS1nZW5lcmF0b3ItMTUxOTgvdXMtY2VudHJhbDEvbWVtZUdlbmVyYXRvci9saVpCQXUtbUxCbw [none]
[debug] [2024-08-08T18:52:03.818Z] <<< [apiv2][status] GET https://cloudfunctions.googleapis.com/v1/operations/bWVtZS1nZW5lcmF0b3ItMTUxOTgvdXMtY2VudHJhbDEvbWVtZUdlbmVyYXRvci9saVpCQXUtbUxCbw 200
[debug] [2024-08-08T18:52:03.819Z] <<< [apiv2][body] GET https://cloudfunctions.googleapis.com/v1/operations/bWVtZS1nZW5lcmF0b3ItMTUxOTgvdXMtY2VudHJhbDEvbWVtZUdlbmVyYXRvci9saVpCQXUtbUxCbw {"name":"operations/bWVtZS1nZW5lcmF0b3ItMTUxOTgvdXMtY2VudHJhbDEvbWVtZUdlbmVyYXRvci9saVpCQXUtbUxCbw","metadata":{"@type":"type.googleapis.com/google.cloud.functions.v1.OperationMetadataV1","target":"projects/meme-generator-15198/locations/us-central1/functions/memeGenerator","type":"UPDATE_FUNCTION","request":{"@type":"type.googleapis.com/google.cloud.functions.v1.CloudFunction","name":"projects/meme-generator-15198/locations/us-central1/functions/memeGenerator","httpsTrigger":{"url":"https://us-central1-meme-generator-15198.cloudfunctions.net/memeGenerator","securityLevel":"SECURE_ALWAYS"},"status":"ACTIVE","entryPoint":"memeGenerator","updateTime":"2024-08-08T05:27:00.261Z","versionId":"4","labels":{"deployment-tool":"cli-firebase","firebase-functions-hash":"945cb4b143ef4c20269cfe646ee6d0bd8ba80dc2"},"sourceUploadUrl":"https://storage.googleapis.com/uploads-96227951720.us-central1.cloudfunctions.appspot.com/0552a50e-c953-4a99-b0ef-d5dc868caf8d.zip?GoogleAccessId=service-658029558870@gcf-admin-robot.iam.gserviceaccount.com&Expires=1723144897&Signature=EwEXH9J42hMgrW%2BVgXI%2Fn8nCeq6NAfKGSmA0km1rwN%2BEQxxxkgIuH2VxuGB%2Ftc9qOx7V9xEGTaV9uQWcxa4xCWHAbDHDo666XnN6wBQlxSj%2Bo%2B8tVwCuG5779sFo9bsqObjjPOCpuXucUxFRYEIpHvDUKyqpYvx5Amu9Lbopt5kdy1AfViMNbtGa5hTHj1nD1QPWU6n2%2BkPMzi8v9wt%2BbnkVdRPSTKVsZ2G1saPAdG33hKhf1%2FSbtV1AHJobsrcoLfIIhTLNM26vDTMoiOMjw5Moc8XEHi4OzwBfg%2FQzuAsYEPXAf7cdjatQ%2FlKndo12R6xsueKkA5SudOXyrvkHrg%3D%3D","environmentVariables":{"FIREBASE_CONFIG":"{\"projectId\":\"meme-generator-15198\",\"storageBucket\":\"meme-generator-15198.appspot.com\"}","GCLOUD_PROJECT":"meme-generator-15198","EVENTARC_CLOUD_EVENT_SOURCE":"projects/meme-generator-15198/locations/us-central1/functions/memeGenerator"},"runtime":"nodejs18","buildId":"4068084b-9212-41cf-88bb-6d846c9a58e6","buildEnvironmentVariables":{"GOOGLE_NODE_RUN_SCRIPTS":""},"buildName":"projects/658029558870/locations/us-central1/builds/4068084b-9212-41cf-88bb-6d846c9a58e6","dockerRegistry":"ARTIFACT_REGISTRY","automaticUpdatePolicy":{},"buildServiceAccount":"658029558870-compute@developer.gserviceaccount.com"},"versionId":"5","updateTime":"2024-08-08T18:51:38Z","buildId":"bb76d5d2-b3d2-4552-91c2-679e1d4ef4ba","buildName":"projects/658029558870/locations/us-central1/builds/bb76d5d2-b3d2-4552-91c2-679e1d4ef4ba"}}
[debug] [2024-08-08T18:52:13.833Z] [update-default-us-central1-memeGenerator] Retrying task index 0
[debug] [2024-08-08T18:52:13.833Z] >>> [apiv2][query] GET https://cloudfunctions.googleapis.com/v1/operations/bWVtZS1nZW5lcmF0b3ItMTUxOTgvdXMtY2VudHJhbDEvbWVtZUdlbmVyYXRvci9saVpCQXUtbUxCbw [none]
[debug] [2024-08-08T18:52:13.994Z] <<< [apiv2][status] GET https://cloudfunctions.googleapis.com/v1/operations/bWVtZS1nZW5lcmF0b3ItMTUxOTgvdXMtY2VudHJhbDEvbWVtZUdlbmVyYXRvci9saVpCQXUtbUxCbw 200
[debug] [2024-08-08T18:52:13.994Z] <<< [apiv2][body] GET https://cloudfunctions.googleapis.com/v1/operations/bWVtZS1nZW5lcmF0b3ItMTUxOTgvdXMtY2VudHJhbDEvbWVtZUdlbmVyYXRvci9saVpCQXUtbUxCbw {"name":"operations/bWVtZS1nZW5lcmF0b3ItMTUxOTgvdXMtY2VudHJhbDEvbWVtZUdlbmVyYXRvci9saVpCQXUtbUxCbw","metadata":{"@type":"type.googleapis.com/google.cloud.functions.v1.OperationMetadataV1","target":"projects/meme-generator-15198/locations/us-central1/functions/memeGenerator","type":"UPDATE_FUNCTION","request":{"@type":"type.googleapis.com/google.cloud.functions.v1.CloudFunction","name":"projects/meme-generator-15198/locations/us-central1/functions/memeGenerator","httpsTrigger":{"url":"https://us-central1-meme-generator-15198.cloudfunctions.net/memeGenerator","securityLevel":"SECURE_ALWAYS"},"status":"ACTIVE","entryPoint":"memeGenerator","updateTime":"2024-08-08T05:27:00.261Z","versionId":"4","labels":{"deployment-tool":"cli-firebase","firebase-functions-hash":"945cb4b143ef4c20269cfe646ee6d0bd8ba80dc2"},"sourceUploadUrl":"https://storage.googleapis.com/uploads-96227951720.us-central1.cloudfunctions.appspot.com/0552a50e-c953-4a99-b0ef-d5dc868caf8d.zip?GoogleAccessId=service-658029558870@gcf-admin-robot.iam.gserviceaccount.com&Expires=1723144897&Signature=EwEXH9J42hMgrW%2BVgXI%2Fn8nCeq6NAfKGSmA0km1rwN%2BEQxxxkgIuH2VxuGB%2Ftc9qOx7V9xEGTaV9uQWcxa4xCWHAbDHDo666XnN6wBQlxSj%2Bo%2B8tVwCuG5779sFo9bsqObjjPOCpuXucUxFRYEIpHvDUKyqpYvx5Amu9Lbopt5kdy1AfViMNbtGa5hTHj1nD1QPWU6n2%2BkPMzi8v9wt%2BbnkVdRPSTKVsZ2G1saPAdG33hKhf1%2FSbtV1AHJobsrcoLfIIhTLNM26vDTMoiOMjw5Moc8XEHi4OzwBfg%2FQzuAsYEPXAf7cdjatQ%2FlKndo12R6xsueKkA5SudOXyrvkHrg%3D%3D","environmentVariables":{"FIREBASE_CONFIG":"{\"projectId\":\"meme-generator-15198\",\"storageBucket\":\"meme-generator-15198.appspot.com\"}","GCLOUD_PROJECT":"meme-generator-15198","EVENTARC_CLOUD_EVENT_SOURCE":"projects/meme-generator-15198/locations/us-central1/functions/memeGenerator"},"runtime":"nodejs18","buildId":"4068084b-9212-41cf-88bb-6d846c9a58e6","buildEnvironmentVariables":{"GOOGLE_NODE_RUN_SCRIPTS":""},"buildName":"projects/658029558870/locations/us-central1/builds/4068084b-9212-41cf-88bb-6d846c9a58e6","dockerRegistry":"ARTIFACT_REGISTRY","automaticUpdatePolicy":{},"buildServiceAccount":"658029558870-compute@developer.gserviceaccount.com"},"versionId":"5","updateTime":"2024-08-08T18:51:38Z","buildId":"bb76d5d2-b3d2-4552-91c2-679e1d4ef4ba","buildName":"projects/658029558870/locations/us-central1/builds/bb76d5d2-b3d2-4552-91c2-679e1d4ef4ba"}}
[debug] [2024-08-08T18:52:24.004Z] [update-default-us-central1-memeGenerator] Retrying task index 0
[debug] [2024-08-08T18:52:24.004Z] >>> [apiv2][query] GET https://cloudfunctions.googleapis.com/v1/operations/bWVtZS1nZW5lcmF0b3ItMTUxOTgvdXMtY2VudHJhbDEvbWVtZUdlbmVyYXRvci9saVpCQXUtbUxCbw [none]
[debug] [2024-08-08T18:52:24.260Z] <<< [apiv2][status] GET https://cloudfunctions.googleapis.com/v1/operations/bWVtZS1nZW5lcmF0b3ItMTUxOTgvdXMtY2VudHJhbDEvbWVtZUdlbmVyYXRvci9saVpCQXUtbUxCbw 200
[debug] [2024-08-08T18:52:24.260Z] <<< [apiv2][body] GET https://cloudfunctions.googleapis.com/v1/operations/bWVtZS1nZW5lcmF0b3ItMTUxOTgvdXMtY2VudHJhbDEvbWVtZUdlbmVyYXRvci9saVpCQXUtbUxCbw {"name":"operations/bWVtZS1nZW5lcmF0b3ItMTUxOTgvdXMtY2VudHJhbDEvbWVtZUdlbmVyYXRvci9saVpCQXUtbUxCbw","metadata":{"@type":"type.googleapis.com/google.cloud.functions.v1.OperationMetadataV1","target":"projects/meme-generator-15198/locations/us-central1/functions/memeGenerator","type":"UPDATE_FUNCTION","request":{"@type":"type.googleapis.com/google.cloud.functions.v1.CloudFunction","name":"projects/meme-generator-15198/locations/us-central1/functions/memeGenerator","httpsTrigger":{"url":"https://us-central1-meme-generator-15198.cloudfunctions.net/memeGenerator","securityLevel":"SECURE_ALWAYS"},"status":"ACTIVE","entryPoint":"memeGenerator","updateTime":"2024-08-08T05:27:00.261Z","versionId":"4","labels":{"deployment-tool":"cli-firebase","firebase-functions-hash":"945cb4b143ef4c20269cfe646ee6d0bd8ba80dc2"},"sourceUploadUrl":"https://storage.googleapis.com/uploads-96227951720.us-central1.cloudfunctions.appspot.com/0552a50e-c953-4a99-b0ef-d5dc868caf8d.zip?GoogleAccessId=service-658029558870@gcf-admin-robot.iam.gserviceaccount.com&Expires=1723144897&Signature=EwEXH9J42hMgrW%2BVgXI%2Fn8nCeq6NAfKGSmA0km1rwN%2BEQxxxkgIuH2VxuGB%2Ftc9qOx7V9xEGTaV9uQWcxa4xCWHAbDHDo666XnN6wBQlxSj%2Bo%2B8tVwCuG5779sFo9bsqObjjPOCpuXucUxFRYEIpHvDUKyqpYvx5Amu9Lbopt5kdy1AfViMNbtGa5hTHj1nD1QPWU6n2%2BkPMzi8v9wt%2BbnkVdRPSTKVsZ2G1saPAdG33hKhf1%2FSbtV1AHJobsrcoLfIIhTLNM26vDTMoiOMjw5Moc8XEHi4OzwBfg%2FQzuAsYEPXAf7cdjatQ%2FlKndo12R6xsueKkA5SudOXyrvkHrg%3D%3D","environmentVariables":{"FIREBASE_CONFIG":"{\"projectId\":\"meme-generator-15198\",\"storageBucket\":\"meme-generator-15198.appspot.com\"}","GCLOUD_PROJECT":"meme-generator-15198","EVENTARC_CLOUD_EVENT_SOURCE":"projects/meme-generator-15198/locations/us-central1/functions/memeGenerator"},"runtime":"nodejs18","buildId":"4068084b-9212-41cf-88bb-6d846c9a58e6","buildEnvironmentVariables":{"GOOGLE_NODE_RUN_SCRIPTS":""},"buildName":"projects/658029558870/locations/us-central1/builds/4068084b-9212-41cf-88bb-6d846c9a58e6","dockerRegistry":"ARTIFACT_REGISTRY","automaticUpdatePolicy":{},"buildServiceAccount":"658029558870-compute@developer.gserviceaccount.com"},"versionId":"5","updateTime":"2024-08-08T18:51:38Z","buildId":"bb76d5d2-b3d2-4552-91c2-679e1d4ef4ba","buildName":"projects/658029558870/locations/us-central1/builds/bb76d5d2-b3d2-4552-91c2-679e1d4ef4ba"}}
[debug] [2024-08-08T18:52:34.266Z] [update-default-us-central1-memeGenerator] Retrying task index 0
[debug] [2024-08-08T18:52:34.267Z] >>> [apiv2][query] GET https://cloudfunctions.googleapis.com/v1/operations/bWVtZS1nZW5lcmF0b3ItMTUxOTgvdXMtY2VudHJhbDEvbWVtZUdlbmVyYXRvci9saVpCQXUtbUxCbw [none]
[debug] [2024-08-08T18:52:34.411Z] <<< [apiv2][status] GET https://cloudfunctions.googleapis.com/v1/operations/bWVtZS1nZW5lcmF0b3ItMTUxOTgvdXMtY2VudHJhbDEvbWVtZUdlbmVyYXRvci9saVpCQXUtbUxCbw 200
[debug] [2024-08-08T18:52:34.411Z] <<< [apiv2][body] GET https://cloudfunctions.googleapis.com/v1/operations/bWVtZS1nZW5lcmF0b3ItMTUxOTgvdXMtY2VudHJhbDEvbWVtZUdlbmVyYXRvci9saVpCQXUtbUxCbw {"name":"operations/bWVtZS1nZW5lcmF0b3ItMTUxOTgvdXMtY2VudHJhbDEvbWVtZUdlbmVyYXRvci9saVpCQXUtbUxCbw","metadata":{"@type":"type.googleapis.com/google.cloud.functions.v1.OperationMetadataV1","target":"projects/meme-generator-15198/locations/us-central1/functions/memeGenerator","type":"UPDATE_FUNCTION","request":{"@type":"type.googleapis.com/google.cloud.functions.v1.CloudFunction","name":"projects/meme-generator-15198/locations/us-central1/functions/memeGenerator","httpsTrigger":{"url":"https://us-central1-meme-generator-15198.cloudfunctions.net/memeGenerator","securityLevel":"SECURE_ALWAYS"},"status":"ACTIVE","entryPoint":"memeGenerator","updateTime":"2024-08-08T05:27:00.261Z","versionId":"4","labels":{"deployment-tool":"cli-firebase","firebase-functions-hash":"945cb4b143ef4c20269cfe646ee6d0bd8ba80dc2"},"sourceUploadUrl":"https://storage.googleapis.com/uploads-96227951720.us-central1.cloudfunctions.appspot.com/0552a50e-c953-4a99-b0ef-d5dc868caf8d.zip?GoogleAccessId=service-658029558870@gcf-admin-robot.iam.gserviceaccount.com&Expires=1723144897&Signature=EwEXH9J42hMgrW%2BVgXI%2Fn8nCeq6NAfKGSmA0km1rwN%2BEQxxxkgIuH2VxuGB%2Ftc9qOx7V9xEGTaV9uQWcxa4xCWHAbDHDo666XnN6wBQlxSj%2Bo%2B8tVwCuG5779sFo9bsqObjjPOCpuXucUxFRYEIpHvDUKyqpYvx5Amu9Lbopt5kdy1AfViMNbtGa5hTHj1nD1QPWU6n2%2BkPMzi8v9wt%2BbnkVdRPSTKVsZ2G1saPAdG33hKhf1%2FSbtV1AHJobsrcoLfIIhTLNM26vDTMoiOMjw5Moc8XEHi4OzwBfg%2FQzuAsYEPXAf7cdjatQ%2FlKndo12R6xsueKkA5SudOXyrvkHrg%3D%3D","environmentVariables":{"FIREBASE_CONFIG":"{\"projectId\":\"meme-generator-15198\",\"storageBucket\":\"meme-generator-15198.appspot.com\"}","GCLOUD_PROJECT":"meme-generator-15198","EVENTARC_CLOUD_EVENT_SOURCE":"projects/meme-generator-15198/locations/us-central1/functions/memeGenerator"},"runtime":"nodejs18","buildId":"4068084b-9212-41cf-88bb-6d846c9a58e6","buildEnvironmentVariables":{"GOOGLE_NODE_RUN_SCRIPTS":""},"buildName":"projects/658029558870/locations/us-central1/builds/4068084b-9212-41cf-88bb-6d846c9a58e6","dockerRegistry":"ARTIFACT_REGISTRY","automaticUpdatePolicy":{},"buildServiceAccount":"658029558870-compute@developer.gserviceaccount.com"},"versionId":"5","updateTime":"2024-08-08T18:51:38Z","buildId":"bb76d5d2-b3d2-4552-91c2-679e1d4ef4ba","sourceToken":"eb0a4a71-02e2-4d9c-bfed-34d8d8f2732b","buildName":"projects/658029558870/locations/us-central1/builds/bb76d5d2-b3d2-4552-91c2-679e1d4ef4ba"}}
[debug] [2024-08-08T18:52:34.411Z] Got source token eb0a4a71-02e2-4d9c-bfed-34d8d8f2732b for region us-central1
[debug] [2024-08-08T18:52:44.422Z] [update-default-us-central1-memeGenerator] Retrying task index 0
[debug] [2024-08-08T18:52:44.422Z] >>> [apiv2][query] GET https://cloudfunctions.googleapis.com/v1/operations/bWVtZS1nZW5lcmF0b3ItMTUxOTgvdXMtY2VudHJhbDEvbWVtZUdlbmVyYXRvci9saVpCQXUtbUxCbw [none]
[debug] [2024-08-08T18:52:44.581Z] <<< [apiv2][status] GET https://cloudfunctions.googleapis.com/v1/operations/bWVtZS1nZW5lcmF0b3ItMTUxOTgvdXMtY2VudHJhbDEvbWVtZUdlbmVyYXRvci9saVpCQXUtbUxCbw 200
[debug] [2024-08-08T18:52:44.581Z] <<< [apiv2][body] GET https://cloudfunctions.googleapis.com/v1/operations/bWVtZS1nZW5lcmF0b3ItMTUxOTgvdXMtY2VudHJhbDEvbWVtZUdlbmVyYXRvci9saVpCQXUtbUxCbw {"name":"operations/bWVtZS1nZW5lcmF0b3ItMTUxOTgvdXMtY2VudHJhbDEvbWVtZUdlbmVyYXRvci9saVpCQXUtbUxCbw","metadata":{"@type":"type.googleapis.com/google.cloud.functions.v1.OperationMetadataV1","target":"projects/meme-generator-15198/locations/us-central1/functions/memeGenerator","type":"UPDATE_FUNCTION","request":{"@type":"type.googleapis.com/google.cloud.functions.v1.CloudFunction","name":"projects/meme-generator-15198/locations/us-central1/functions/memeGenerator","httpsTrigger":{"url":"https://us-central1-meme-generator-15198.cloudfunctions.net/memeGenerator","securityLevel":"SECURE_ALWAYS"},"status":"ACTIVE","entryPoint":"memeGenerator","updateTime":"2024-08-08T05:27:00.261Z","versionId":"4","labels":{"deployment-tool":"cli-firebase","firebase-functions-hash":"945cb4b143ef4c20269cfe646ee6d0bd8ba80dc2"},"sourceUploadUrl":"https://storage.googleapis.com/uploads-96227951720.us-central1.cloudfunctions.appspot.com/0552a50e-c953-4a99-b0ef-d5dc868caf8d.zip?GoogleAccessId=service-658029558870@gcf-admin-robot.iam.gserviceaccount.com&Expires=1723144897&Signature=EwEXH9J42hMgrW%2BVgXI%2Fn8nCeq6NAfKGSmA0km1rwN%2BEQxxxkgIuH2VxuGB%2Ftc9qOx7V9xEGTaV9uQWcxa4xCWHAbDHDo666XnN6wBQlxSj%2Bo%2B8tVwCuG5779sFo9bsqObjjPOCpuXucUxFRYEIpHvDUKyqpYvx5Amu9Lbopt5kdy1AfViMNbtGa5hTHj1nD1QPWU6n2%2BkPMzi8v9wt%2BbnkVdRPSTKVsZ2G1saPAdG33hKhf1%2FSbtV1AHJobsrcoLfIIhTLNM26vDTMoiOMjw5Moc8XEHi4OzwBfg%2FQzuAsYEPXAf7cdjatQ%2FlKndo12R6xsueKkA5SudOXyrvkHrg%3D%3D","environmentVariables":{"FIREBASE_CONFIG":"{\"projectId\":\"meme-generator-15198\",\"storageBucket\":\"meme-generator-15198.appspot.com\"}","GCLOUD_PROJECT":"meme-generator-15198","EVENTARC_CLOUD_EVENT_SOURCE":"projects/meme-generator-15198/locations/us-central1/functions/memeGenerator"},"runtime":"nodejs18","buildId":"4068084b-9212-41cf-88bb-6d846c9a58e6","buildEnvironmentVariables":{"GOOGLE_NODE_RUN_SCRIPTS":""},"buildName":"projects/658029558870/locations/us-central1/builds/4068084b-9212-41cf-88bb-6d846c9a58e6","dockerRegistry":"ARTIFACT_REGISTRY","automaticUpdatePolicy":{},"buildServiceAccount":"658029558870-compute@developer.gserviceaccount.com"},"versionId":"5","updateTime":"2024-08-08T18:51:38Z","buildId":"bb76d5d2-b3d2-4552-91c2-679e1d4ef4ba","sourceToken":"eb0a4a71-02e2-4d9c-bfed-34d8d8f2732b","buildName":"projects/658029558870/locations/us-central1/builds/bb76d5d2-b3d2-4552-91c2-679e1d4ef4ba"}}
[debug] [2024-08-08T18:52:44.581Z] Got source token eb0a4a71-02e2-4d9c-bfed-34d8d8f2732b for region us-central1
[debug] [2024-08-08T18:52:54.588Z] [update-default-us-central1-memeGenerator] Retrying task index 0
[debug] [2024-08-08T18:52:54.589Z] >>> [apiv2][query] GET https://cloudfunctions.googleapis.com/v1/operations/bWVtZS1nZW5lcmF0b3ItMTUxOTgvdXMtY2VudHJhbDEvbWVtZUdlbmVyYXRvci9saVpCQXUtbUxCbw [none]
[debug] [2024-08-08T18:52:54.723Z] <<< [apiv2][status] GET https://cloudfunctions.googleapis.com/v1/operations/bWVtZS1nZW5lcmF0b3ItMTUxOTgvdXMtY2VudHJhbDEvbWVtZUdlbmVyYXRvci9saVpCQXUtbUxCbw 200
[debug] [2024-08-08T18:52:54.723Z] <<< [apiv2][body] GET https://cloudfunctions.googleapis.com/v1/operations/bWVtZS1nZW5lcmF0b3ItMTUxOTgvdXMtY2VudHJhbDEvbWVtZUdlbmVyYXRvci9saVpCQXUtbUxCbw {"name":"operations/bWVtZS1nZW5lcmF0b3ItMTUxOTgvdXMtY2VudHJhbDEvbWVtZUdlbmVyYXRvci9saVpCQXUtbUxCbw","metadata":{"@type":"type.googleapis.com/google.cloud.functions.v1.OperationMetadataV1","target":"projects/meme-generator-15198/locations/us-central1/functions/memeGenerator","type":"UPDATE_FUNCTION","request":{"@type":"type.googleapis.com/google.cloud.functions.v1.CloudFunction","name":"projects/meme-generator-15198/locations/us-central1/functions/memeGenerator","httpsTrigger":{"url":"https://us-central1-meme-generator-15198.cloudfunctions.net/memeGenerator","securityLevel":"SECURE_ALWAYS"},"status":"ACTIVE","entryPoint":"memeGenerator","updateTime":"2024-08-08T05:27:00.261Z","versionId":"4","labels":{"deployment-tool":"cli-firebase","firebase-functions-hash":"945cb4b143ef4c20269cfe646ee6d0bd8ba80dc2"},"sourceUploadUrl":"https://storage.googleapis.com/uploads-96227951720.us-central1.cloudfunctions.appspot.com/0552a50e-c953-4a99-b0ef-d5dc868caf8d.zip?GoogleAccessId=service-658029558870@gcf-admin-robot.iam.gserviceaccount.com&Expires=1723144897&Signature=EwEXH9J42hMgrW%2BVgXI%2Fn8nCeq6NAfKGSmA0km1rwN%2BEQxxxkgIuH2VxuGB%2Ftc9qOx7V9xEGTaV9uQWcxa4xCWHAbDHDo666XnN6wBQlxSj%2Bo%2B8tVwCuG5779sFo9bsqObjjPOCpuXucUxFRYEIpHvDUKyqpYvx5Amu9Lbopt5kdy1AfViMNbtGa5hTHj1nD1QPWU6n2%2BkPMzi8v9wt%2BbnkVdRPSTKVsZ2G1saPAdG33hKhf1%2FSbtV1AHJobsrcoLfIIhTLNM26vDTMoiOMjw5Moc8XEHi4OzwBfg%2FQzuAsYEPXAf7cdjatQ%2FlKndo12R6xsueKkA5SudOXyrvkHrg%3D%3D","environmentVariables":{"FIREBASE_CONFIG":"{\"projectId\":\"meme-generator-15198\",\"storageBucket\":\"meme-generator-15198.appspot.com\"}","GCLOUD_PROJECT":"meme-generator-15198","EVENTARC_CLOUD_EVENT_SOURCE":"projects/meme-generator-15198/locations/us-central1/functions/memeGenerator"},"runtime":"nodejs18","buildId":"4068084b-9212-41cf-88bb-6d846c9a58e6","buildEnvironmentVariables":{"GOOGLE_NODE_RUN_SCRIPTS":""},"buildName":"projects/658029558870/locations/us-central1/builds/4068084b-9212-41cf-88bb-6d846c9a58e6","dockerRegistry":"ARTIFACT_REGISTRY","automaticUpdatePolicy":{},"buildServiceAccount":"658029558870-compute@developer.gserviceaccount.com"},"versionId":"5","updateTime":"2024-08-08T18:51:38Z","buildId":"bb76d5d2-b3d2-4552-91c2-679e1d4ef4ba","sourceToken":"eb0a4a71-02e2-4d9c-bfed-34d8d8f2732b","buildName":"projects/658029558870/locations/us-central1/builds/bb76d5d2-b3d2-4552-91c2-679e1d4ef4ba"}}
[debug] [2024-08-08T18:52:54.723Z] Got source token eb0a4a71-02e2-4d9c-bfed-34d8d8f2732b for region us-central1
[debug] [2024-08-08T18:53:04.725Z] [update-default-us-central1-memeGenerator] Retrying task index 0
[debug] [2024-08-08T18:53:04.725Z] >>> [apiv2][query] GET https://cloudfunctions.googleapis.com/v1/operations/bWVtZS1nZW5lcmF0b3ItMTUxOTgvdXMtY2VudHJhbDEvbWVtZUdlbmVyYXRvci9saVpCQXUtbUxCbw [none]
[debug] [2024-08-08T18:53:04.882Z] <<< [apiv2][status] GET https://cloudfunctions.googleapis.com/v1/operations/bWVtZS1nZW5lcmF0b3ItMTUxOTgvdXMtY2VudHJhbDEvbWVtZUdlbmVyYXRvci9saVpCQXUtbUxCbw 200
[debug] [2024-08-08T18:53:04.882Z] <<< [apiv2][body] GET https://cloudfunctions.googleapis.com/v1/operations/bWVtZS1nZW5lcmF0b3ItMTUxOTgvdXMtY2VudHJhbDEvbWVtZUdlbmVyYXRvci9saVpCQXUtbUxCbw {"name":"operations/bWVtZS1nZW5lcmF0b3ItMTUxOTgvdXMtY2VudHJhbDEvbWVtZUdlbmVyYXRvci9saVpCQXUtbUxCbw","metadata":{"@type":"type.googleapis.com/google.cloud.functions.v1.OperationMetadataV1","target":"projects/meme-generator-15198/locations/us-central1/functions/memeGenerator","type":"UPDATE_FUNCTION","request":{"@type":"type.googleapis.com/google.cloud.functions.v1.CloudFunction","name":"projects/meme-generator-15198/locations/us-central1/functions/memeGenerator","httpsTrigger":{"url":"https://us-central1-meme-generator-15198.cloudfunctions.net/memeGenerator","securityLevel":"SECURE_ALWAYS"},"status":"ACTIVE","entryPoint":"memeGenerator","updateTime":"2024-08-08T05:27:00.261Z","versionId":"4","labels":{"deployment-tool":"cli-firebase","firebase-functions-hash":"945cb4b143ef4c20269cfe646ee6d0bd8ba80dc2"},"sourceUploadUrl":"https://storage.googleapis.com/uploads-96227951720.us-central1.cloudfunctions.appspot.com/0552a50e-c953-4a99-b0ef-d5dc868caf8d.zip?GoogleAccessId=service-658029558870@gcf-admin-robot.iam.gserviceaccount.com&Expires=1723144897&Signature=EwEXH9J42hMgrW%2BVgXI%2Fn8nCeq6NAfKGSmA0km1rwN%2BEQxxxkgIuH2VxuGB%2Ftc9qOx7V9xEGTaV9uQWcxa4xCWHAbDHDo666XnN6wBQlxSj%2Bo%2B8tVwCuG5779sFo9bsqObjjPOCpuXucUxFRYEIpHvDUKyqpYvx5Amu9Lbopt5kdy1AfViMNbtGa5hTHj1nD1QPWU6n2%2BkPMzi8v9wt%2BbnkVdRPSTKVsZ2G1saPAdG33hKhf1%2FSbtV1AHJobsrcoLfIIhTLNM26vDTMoiOMjw5Moc8XEHi4OzwBfg%2FQzuAsYEPXAf7cdjatQ%2FlKndo12R6xsueKkA5SudOXyrvkHrg%3D%3D","environmentVariables":{"FIREBASE_CONFIG":"{\"projectId\":\"meme-generator-15198\",\"storageBucket\":\"meme-generator-15198.appspot.com\"}","GCLOUD_PROJECT":"meme-generator-15198","EVENTARC_CLOUD_EVENT_SOURCE":"projects/meme-generator-15198/locations/us-central1/functions/memeGenerator"},"runtime":"nodejs18","buildId":"4068084b-9212-41cf-88bb-6d846c9a58e6","buildEnvironmentVariables":{"GOOGLE_NODE_RUN_SCRIPTS":""},"buildName":"projects/658029558870/locations/us-central1/builds/4068084b-9212-41cf-88bb-6d846c9a58e6","dockerRegistry":"ARTIFACT_REGISTRY","automaticUpdatePolicy":{},"buildServiceAccount":"658029558870-compute@developer.gserviceaccount.com"},"versionId":"5","updateTime":"2024-08-08T18:52:57Z","buildId":"bb76d5d2-b3d2-4552-91c2-679e1d4ef4ba","sourceToken":"eb0a4a71-02e2-4d9c-bfed-34d8d8f2732b","buildName":"projects/658029558870/locations/us-central1/builds/bb76d5d2-b3d2-4552-91c2-679e1d4ef4ba"},"done":true,"error":{"code":3,"message":"Function failed on loading user code. This is likely due to a bug in the user code. Error message: Provided module can't be loaded.\nIs there a syntax error in your code?\nDetailed stack trace: Error: ENOENT: no such file or directory, lstat '/workspace/fonts/Impact.ttf'\n    at Object.realpathSync (node:fs:2655:7)\n    at registerFont (/workspace/node_modules/canvas/index.js:48:34)\n    at Object.<anonymous> (/workspace/memeService.js:7:1)\n    at Module._compile (node:internal/modules/cjs/loader:1364:14)\n    at Module._extensions..js (node:internal/modules/cjs/loader:1422:10)\n    at Module.load (node:internal/modules/cjs/loader:1203:32)\n    at Module._load (node:internal/modules/cjs/loader:1019:12)\n    at Module.require (node:internal/modules/cjs/loader:1231:19)\n    at require (node:internal/modules/helpers:177:18)\n    at Object.<anonymous> (/workspace/index.js:3:39)\nCould not load the function, shutting down.. Please visit https://cloud.google.com/functions/docs/troubleshooting for in-depth troubleshooting documentation."}}
[debug] [2024-08-08T18:53:04.882Z] Got source token eb0a4a71-02e2-4d9c-bfed-34d8d8f2732b for region us-central1
[error] Function failed on loading user code. This is likely due to a bug in the user code. Error message: Provided module can't be loaded.
Is there a syntax error in your code?
Detailed stack trace: Error: ENOENT: no such file or directory, lstat '/workspace/fonts/Impact.ttf'
    at Object.realpathSync (node:fs:2655:7)
    at registerFont (/workspace/node_modules/canvas/index.js:48:34)
    at Object.<anonymous> (/workspace/memeService.js:7:1)
    at Module._compile (node:internal/modules/cjs/loader:1364:14)
    at Module._extensions..js (node:internal/modules/cjs/loader:1422:10)
    at Module.load (node:internal/modules/cjs/loader:1203:32)
    at Module._load (node:internal/modules/cjs/loader:1019:12)
    at Module.require (node:internal/modules/cjs/loader:1231:19)
    at require (node:internal/modules/helpers:177:18)
    at Object.<anonymous> (/workspace/index.js:3:39)
Could not load the function, shutting down.. Please visit https://cloud.google.com/functions/docs/troubleshooting for in-depth troubleshooting documentation.
[debug] [2024-08-08T18:53:04.888Z] Total Function Deployment time: 87935
[debug] [2024-08-08T18:53:04.888Z] 1 Functions Deployed
[debug] [2024-08-08T18:53:04.889Z] 1 Functions Errored
[debug] [2024-08-08T18:53:04.889Z] 0 Function Deployments Aborted
[debug] [2024-08-08T18:53:04.889Z] Average Function Deployment time: 87934
[info] 
[info] Functions deploy had errors with the following functions:
	memeGenerator(us-central1)
[debug] [2024-08-08T18:53:04.973Z] Not printing URL for HTTPS function. Typically this means it didn't match a filter or we failed deployment
[info] i  functions: cleaning up build files... 
[debug] [2024-08-08T18:53:04.974Z] >>> [apiv2][query] DELETE https://artifactregistry.googleapis.com/v1beta2/projects/meme-generator-15198/locations/us-central1/repositories/gcf-artifacts/packages/meme_generator [none]
[debug] [2024-08-08T18:53:04.975Z] >>> [apiv2][query] GET https://us.gcr.io/v2/meme-generator-15198/gcf/us-central1/tags/list [none]
[debug] [2024-08-08T18:53:05.139Z] <<< [apiv2][status] DELETE https://artifactregistry.googleapis.com/v1beta2/projects/meme-generator-15198/locations/us-central1/repositories/gcf-artifacts/packages/meme_generator 200
[debug] [2024-08-08T18:53:05.139Z] <<< [apiv2][body] DELETE https://artifactregistry.googleapis.com/v1beta2/projects/meme-generator-15198/locations/us-central1/repositories/gcf-artifacts/packages/meme_generator {"name":"projects/meme-generator-15198/locations/us-central1/operations/e05602f6-4953-4119-a67d-1d5b085d4a8c","metadata":{"@type":"type.googleapis.com/google.devtools.artifactregistry.v1beta2.OperationMetadata"}}
[debug] [2024-08-08T18:53:05.140Z] >>> [apiv2][query] GET https://artifactregistry.googleapis.com/v1beta2/projects/meme-generator-15198/locations/us-central1/operations/e05602f6-4953-4119-a67d-1d5b085d4a8c [none]
[debug] [2024-08-08T18:53:05.197Z] <<< [apiv2][status] GET https://us.gcr.io/v2/meme-generator-15198/gcf/us-central1/tags/list 404
[debug] [2024-08-08T18:53:05.197Z] <<< [apiv2][body] GET https://us.gcr.io/v2/meme-generator-15198/gcf/us-central1/tags/list {"errors":[{"code":"NAME_UNKNOWN","message":"Repository \"us.gcr.io\" not found"}]}
[debug] [2024-08-08T18:53:05.197Z] Failed docker command with error  HTTP Error: 404, Not Found {"name":"FirebaseError","children":[],"context":{"body":{"errors":[{"code":"NAME_UNKNOWN","message":"Repository \"us.gcr.io\" not found"}],"error":{"message":"Not Found"}},"response":{"statusCode":404}},"exit":1,"message":"HTTP Error: 404, Not Found","status":404}
[debug] [2024-08-08T18:53:05.202Z] >>> [apiv2][query] GET https://us.gcr.io/v2/meme-generator-15198/gcf/us-central1/tags/list [none]
[debug] [2024-08-08T18:53:05.259Z] <<< [apiv2][status] GET https://artifactregistry.googleapis.com/v1beta2/projects/meme-generator-15198/locations/us-central1/operations/e05602f6-4953-4119-a67d-1d5b085d4a8c 200
[debug] [2024-08-08T18:53:05.259Z] <<< [apiv2][body] GET https://artifactregistry.googleapis.com/v1beta2/projects/meme-generator-15198/locations/us-central1/operations/e05602f6-4953-4119-a67d-1d5b085d4a8c {"name":"projects/meme-generator-15198/locations/us-central1/operations/e05602f6-4953-4119-a67d-1d5b085d4a8c","metadata":{"@type":"type.googleapis.com/google.devtools.artifactregistry.v1beta2.OperationMetadata"},"done":true,"response":{"@type":"type.googleapis.com/google.protobuf.Empty"}}
[debug] [2024-08-08T18:53:05.306Z] <<< [apiv2][status] GET https://us.gcr.io/v2/meme-generator-15198/gcf/us-central1/tags/list 404
[debug] [2024-08-08T18:53:05.306Z] <<< [apiv2][body] GET https://us.gcr.io/v2/meme-generator-15198/gcf/us-central1/tags/list {"errors":[{"code":"NAME_UNKNOWN","message":"Repository \"us.gcr.io\" not found"}]}
[debug] [2024-08-08T18:53:05.306Z] Failed docker command with error  HTTP Error: 404, Not Found {"name":"FirebaseError","children":[],"context":{"body":{"errors":[{"code":"NAME_UNKNOWN","message":"Repository \"us.gcr.io\" not found"}],"error":{"message":"Not Found"}},"response":{"statusCode":404}},"exit":1,"message":"HTTP Error: 404, Not Found","status":404}
[debug] [2024-08-08T18:53:05.419Z] >>> [apiv2][query] GET https://us.gcr.io/v2/meme-generator-15198/gcf/us-central1/tags/list [none]
[debug] [2024-08-08T18:53:05.513Z] <<< [apiv2][status] GET https://us.gcr.io/v2/meme-generator-15198/gcf/us-central1/tags/list 404
[debug] [2024-08-08T18:53:05.513Z] <<< [apiv2][body] GET https://us.gcr.io/v2/meme-generator-15198/gcf/us-central1/tags/list {"errors":[{"code":"NAME_UNKNOWN","message":"Repository \"us.gcr.io\" not found"}]}
[debug] [2024-08-08T18:53:05.513Z] Failed docker command with error  HTTP Error: 404, Not Found {"name":"FirebaseError","children":[],"context":{"body":{"errors":[{"code":"NAME_UNKNOWN","message":"Repository \"us.gcr.io\" not found"}],"error":{"message":"Not Found"}},"response":{"statusCode":404}},"exit":1,"message":"HTTP Error: 404, Not Found","status":404}
[warn] !  functions: Unhandled error cleaning up build images. This could result in a small monthly bill if not corrected. You can attempt to delete these images by redeploying or you can delete them manually at https://console.cloud.google.com/gcr/images/meme-generator-15198/us/gcf 
[debug] [2024-08-08T18:53:05.514Z] Functions deploy failed.
[debug] [2024-08-08T18:53:05.515Z] {
  "endpoint": {
    "id": "memeGenerator",
    "project": "meme-generator-15198",
    "region": "us-central1",
    "entryPoint": "memeGenerator",
    "platform": "gcfv1",
    "runtime": "nodejs18",
    "httpsTrigger": {},
    "ingressSettings": null,
    "availableMemoryMb": null,
    "serviceAccount": null,
    "timeoutSeconds": null,
    "maxInstances": null,
    "minInstances": null,
    "vpc": null,
    "environmentVariables": {
      "FIREBASE_CONFIG": "{\"projectId\":\"meme-generator-15198\",\"storageBucket\":\"meme-generator-15198.appspot.com\"}",
      "GCLOUD_PROJECT": "meme-generator-15198",
      "EVENTARC_CLOUD_EVENT_SOURCE": "projects/meme-generator-15198/locations/us-central1/functions/memeGenerator"
    },
    "codebase": "default",
    "securityLevel": "SECURE_ALWAYS",
    "targetedByOnly": false,
    "hash": "945cb4b143ef4c20269cfe646ee6d0bd8ba80dc2",
    "labels": {
      "deployment-tool": "cli-firebase"
    }
  },
  "op": "update",
  "original": {
    "name": "FirebaseError",
    "children": [],
    "exit": 1,
    "message": "Function failed on loading user code. This is likely due to a bug in the user code. Error message: Provided module can't be loaded.\nIs there a syntax error in your code?\nDetailed stack trace: Error: ENOENT: no such file or directory, lstat '/workspace/fonts/Impact.ttf'\n    at Object.realpathSync (node:fs:2655:7)\n    at registerFont (/workspace/node_modules/canvas/index.js:48:34)\n    at Object.<anonymous> (/workspace/memeService.js:7:1)\n    at Module._compile (node:internal/modules/cjs/loader:1364:14)\n    at Module._extensions..js (node:internal/modules/cjs/loader:1422:10)\n    at Module.load (node:internal/modules/cjs/loader:1203:32)\n    at Module._load (node:internal/modules/cjs/loader:1019:12)\n    at Module.require (node:internal/modules/cjs/loader:1231:19)\n    at require (node:internal/modules/helpers:177:18)\n    at Object.<anonymous> (/workspace/index.js:3:39)\nCould not load the function, shutting down.. Please visit https://cloud.google.com/functions/docs/troubleshooting for in-depth troubleshooting documentation.",
    "original": {
      "code": 3,
      "message": "Function failed on loading user code. This is likely due to a bug in the user code. Error message: Provided module can't be loaded.\nIs there a syntax error in your code?\nDetailed stack trace: Error: ENOENT: no such file or directory, lstat '/workspace/fonts/Impact.ttf'\n    at Object.realpathSync (node:fs:2655:7)\n    at registerFont (/workspace/node_modules/canvas/index.js:48:34)\n    at Object.<anonymous> (/workspace/memeService.js:7:1)\n    at Module._compile (node:internal/modules/cjs/loader:1364:14)\n    at Module._extensions..js (node:internal/modules/cjs/loader:1422:10)\n    at Module.load (node:internal/modules/cjs/loader:1203:32)\n    at Module._load (node:internal/modules/cjs/loader:1019:12)\n    at Module.require (node:internal/modules/cjs/loader:1231:19)\n    at require (node:internal/modules/helpers:177:18)\n    at Object.<anonymous> (/workspace/index.js:3:39)\nCould not load the function, shutting down.. Please visit https://cloud.google.com/functions/docs/troubleshooting for in-depth troubleshooting documentation."
    },
    "status": 3,
    "code": 3
  }
}
[debug] [2024-08-08T18:53:05.549Z] Error: Failed to update function memeGenerator in region us-central1
    at C:\Users\Colby Person\AppData\Roaming\npm\node_modules\firebase-tools\lib\deploy\functions\release\fabricator.js:52:11
    at process.processTicksAndRejections (node:internal/process/task_queues:95:5)
    at async Fabricator.updateV1Function (C:\Users\Colby Person\AppData\Roaming\npm\node_modules\firebase-tools\lib\deploy\functions\release\fabricator.js:352:32)
    at async Fabricator.updateEndpoint (C:\Users\Colby Person\AppData\Roaming\npm\node_modules\firebase-tools\lib\deploy\functions\release\fabricator.js:152:13)
    at async handle (C:\Users\Colby Person\AppData\Roaming\npm\node_modules\firebase-tools\lib\deploy\functions\release\fabricator.js:89:17)
[error] 
[error] Error: There was an error deploying functions
